2019-05-24 19:39:08,992:DEBUG:discord.client: on_ready has successfully been registered as an event
2019-05-24 19:39:08,992:DEBUG:discord.client: on_message has successfully been registered as an event
2019-05-24 19:39:08,992:INFO:discord.client: logging in using static token
2019-05-24 19:39:09,211:DEBUG:discord.http: GET https://discordapp.com/api/v7/users/@me with None has returned 200
2019-05-24 19:39:09,211:DEBUG:discord.http: GET https://discordapp.com/api/v7/users/@me has received {'username': 'volcBotMaster', 'verified': True, 'locale': 'en-US', 'mfa_enabled': True, 'bot': True, 'id': '581609400687394859', 'flags': 0, 'avatar': None, 'discriminator': '9824', 'email': None}
2019-05-24 19:39:09,244:DEBUG:discord.http: GET https://discordapp.com/api/v7/gateway with None has returned 200
2019-05-24 19:39:09,244:DEBUG:discord.http: GET https://discordapp.com/api/v7/gateway has received {'url': 'wss://gateway.discord.gg'}
2019-05-24 19:39:09,595:INFO:discord.gateway: Created websocket connected to wss://gateway.discord.gg?encoding=json&v=6&compress=zlib-stream
2019-05-24 19:39:09,596:DEBUG:discord.client: Dispatching event socket_raw_receive
2019-05-24 19:39:09,596:DEBUG:discord.gateway: For Shard ID None: WebSocket Event: {'t': None, 's': None, 'op': 10, 'd': {'heartbeat_interval': 41250, '_trace': ['gateway-prd-main-2mvl']}}
2019-05-24 19:39:09,596:DEBUG:discord.client: Dispatching event socket_response
2019-05-24 19:39:09,596:DEBUG:discord.client: Dispatching event socket_raw_send
2019-05-24 19:39:09,596:DEBUG:discord.client: Dispatching event socket_raw_send
2019-05-24 19:39:09,596:INFO:discord.gateway: Shard ID None has sent the IDENTIFY payload.
2019-05-24 19:39:09,684:DEBUG:discord.client: Dispatching event socket_raw_receive
2019-05-24 19:39:09,684:DEBUG:discord.gateway: For Shard ID None: WebSocket Event: {'t': None, 's': None, 'op': 11, 'd': None}
2019-05-24 19:39:09,684:DEBUG:discord.client: Dispatching event socket_response
2019-05-24 19:39:09,703:DEBUG:discord.client: Dispatching event socket_raw_receive
2019-05-24 19:39:09,704:DEBUG:discord.gateway: For Shard ID None: WebSocket Event: {'t': 'READY', 's': 1, 'op': 0, 'd': {'v': 6, 'user_settings': {}, 'user': {'verified': True, 'username': 'volcBotMaster', 'mfa_enabled': True, 'id': '581609400687394859', 'email': None, 'discriminator': '9824', 'bot': True, 'avatar': None}, 'session_id': 'e6da23b418f3bab82b1fbf0da2af655c', 'relationships': [], 'private_channels': [], 'presences': [], 'guilds': [{'unavailable': True, 'id': '581331929945604107'}], '_trace': ['gateway-prd-main-2mvl', 'discord-sessions-prd-1-22']}}
2019-05-24 19:39:09,704:DEBUG:discord.client: Dispatching event socket_response
2019-05-24 19:39:09,704:INFO:discord.gateway: Shard ID None has connected to Gateway: gateway-prd-main-2mvl, discord-sessions-prd-1-22 (Session ID: e6da23b418f3bab82b1fbf0da2af655c).
2019-05-24 19:39:09,704:DEBUG:discord.client: Dispatching event connect
2019-05-24 19:39:09,704:DEBUG:discord.client: Dispatching event socket_raw_receive
2019-05-24 19:39:09,705:DEBUG:discord.gateway: For Shard ID None: WebSocket Event: {'t': 'GUILD_CREATE', 's': 2, 'op': 0, 'd': {'lazy': True, 'banner': None, 'default_message_notifications': 0, 'application_id': None, 'icon': None, 'members': [{'user': {'username': 'Constant Dean', 'id': '144361463212015616', 'discriminator': '6010', 'avatar': 'dff2db8a9a1b7ca90638714764fb140e'}, 'roles': [], 'premium_since': None, 'nick': None, 'mute': False, 'joined_at': '2019-05-25T01:41:14.859417+00:00', 'deaf': False}, {'user': {'username': 'Volcaus', 'id': '174439608577294336', 'discriminator': '2604', 'avatar': '5e30da7492426cf4f5d5a68a6a3d2ec0'}, 'roles': [], 'mute': False, 'joined_at': '2019-05-24T04:05:32.708000+00:00', 'deaf': False}, {'user': {'username': 'volcBotMaster', 'id': '581609400687394859', 'discriminator': '9824', 'bot': True, 'avatar': None}, 'roles': ['581616870449348678'], 'premium_since': None, 'nick': None, 'mute': False, 'joined_at': '2019-05-24T22:57:47.827047+00:00', 'deaf': False}], 'owner_id': '174439608577294336', 'emojis': [], 'name': 'volcServer0', 'premium_subscription_count': 0, 'roles': [{'position': 0, 'permissions': 104324673, 'name': '@everyone', 'mentionable': False, 'managed': False, 'id': '581331929945604107', 'hoist': False, 'color': 0}, {'position': 1, 'permissions': 2146958418, 'name': 'volcBotMaster', 'mentionable': False, 'managed': True, 'id': '581616870449348678', 'hoist': False, 'color': 0}], 'afk_channel_id': None, 'large': False, 'system_channel_id': '581331929945604111', 'vanity_url_code': None, 'preferred_locale': 'en-US', 'member_count': 3, 'verification_level': 0, 'voice_states': [], 'id': '581331929945604107', 'system_channel_flags': 0, 'afk_timeout': 300, 'description': None, 'joined_at': '2019-05-24T22:57:47.827047+00:00', 'presences': [{'user': {'id': '144361463212015616'}, 'status': 'online', 'game': None, 'client_status': {'desktop': 'online'}, 'activities': []}, {'user': {'id': '174439608577294336'}, 'status': 'online', 'game': None, 'client_status': {'desktop': 'online'}, 'activities': []}, {'user': {'id': '581609400687394859'}, 'status': 'online', 'game': None, 'client_status': {'web': 'online'}, 'activities': []}], 'premium_tier': 0, 'region': 'us-west', 'explicit_content_filter': 0, 'channels': [{'user_limit': 0, 'type': 4, 'position': 0, 'permission_overwrites': [], 'name': 'Text Channels', 'id': '581331929945604109', 'bitrate': 64000}, {'type': 0, 'topic': None, 'rate_limit_per_user': 0, 'position': 0, 'permission_overwrites': [], 'parent_id': '581331929945604109', 'name': 'general', 'last_message_id': '581667560844689437', 'id': '581331929945604111'}, {'user_limit': 0, 'type': 4, 'position': 0, 'permission_overwrites': [], 'name': 'Voice Channels', 'id': '581331929945604113', 'bitrate': 64000}, {'user_limit': 0, 'type': 2, 'position': 0, 'permission_overwrites': [], 'parent_id': '581331929945604113', 'name': 'General', 'id': '581331929945604115', 'bitrate': 64000}, {'type': 0, 'topic': None, 'rate_limit_per_user': 0, 'position': 1, 'permission_overwrites': [], 'parent_id': '581331929945604109', 'nsfw': False, 'name': 'reading', 'last_pin_timestamp': '2019-05-25T01:42:48.430863+00:00', 'last_message_id': '581658396357427205', 'id': '581658040877580307'}, {'type': 0, 'topic': None, 'rate_limit_per_user': 0, 'position': 2, 'permission_overwrites': [], 'parent_id': '581331929945604109', 'nsfw': False, 'name': 'discussion', 'last_message_id': '581662768508436503', 'id': '581658477227802624'}], 'unavailable': False, 'splash': None, 'mfa_level': 0, 'features': []}}
2019-05-24 19:39:09,705:DEBUG:discord.client: Dispatching event socket_response
2019-05-24 19:39:09,705:DEBUG:discord.client: Dispatching event guild_available
2019-05-24 19:39:11,707:DEBUG:discord.client: Dispatching event ready
2019-05-24 19:39:50,846:DEBUG:discord.gateway: Keeping websocket alive with sequence 2.
2019-05-24 19:39:50,847:DEBUG:discord.client: Dispatching event socket_raw_send
2019-05-24 19:39:50,955:DEBUG:discord.client: Dispatching event socket_raw_receive
2019-05-24 19:39:50,955:DEBUG:discord.gateway: For Shard ID None: WebSocket Event: {'t': None, 's': None, 'op': 11, 'd': None}
2019-05-24 19:39:50,955:DEBUG:discord.client: Dispatching event socket_response
2019-05-24 19:40:32,098:DEBUG:discord.gateway: Keeping websocket alive with sequence 2.
2019-05-24 19:40:32,098:DEBUG:discord.client: Dispatching event socket_raw_send
2019-05-24 19:40:32,199:DEBUG:discord.client: Dispatching event socket_raw_receive
2019-05-24 19:40:32,200:DEBUG:discord.gateway: For Shard ID None: WebSocket Event: {'t': None, 's': None, 'op': 11, 'd': None}
2019-05-24 19:40:32,200:DEBUG:discord.client: Dispatching event socket_response
2019-05-24 19:41:13,349:DEBUG:discord.gateway: Keeping websocket alive with sequence 2.
2019-05-24 19:41:13,349:DEBUG:discord.client: Dispatching event socket_raw_send
2019-05-24 19:41:13,610:DEBUG:discord.client: Dispatching event socket_raw_receive
2019-05-24 19:41:13,610:DEBUG:discord.gateway: For Shard ID None: WebSocket Event: {'t': None, 's': None, 'op': 11, 'd': None}
2019-05-24 19:41:13,610:DEBUG:discord.client: Dispatching event socket_response
2019-05-24 19:41:54,600:DEBUG:discord.gateway: Keeping websocket alive with sequence 2.
2019-05-24 19:41:54,601:DEBUG:discord.client: Dispatching event socket_raw_send
2019-05-24 19:41:54,714:DEBUG:discord.client: Dispatching event socket_raw_receive
2019-05-24 19:41:54,714:DEBUG:discord.gateway: For Shard ID None: WebSocket Event: {'t': None, 's': None, 'op': 11, 'd': None}
2019-05-24 19:41:54,714:DEBUG:discord.client: Dispatching event socket_response
2019-05-24 19:42:35,851:DEBUG:discord.gateway: Keeping websocket alive with sequence 2.
2019-05-24 19:42:35,852:DEBUG:discord.client: Dispatching event socket_raw_send
2019-05-24 19:42:35,949:DEBUG:discord.client: Dispatching event socket_raw_receive
2019-05-24 19:42:35,949:DEBUG:discord.gateway: For Shard ID None: WebSocket Event: {'t': None, 's': None, 'op': 11, 'd': None}
2019-05-24 19:42:35,949:DEBUG:discord.client: Dispatching event socket_response
2019-05-24 19:43:17,102:DEBUG:discord.gateway: Keeping websocket alive with sequence 2.
2019-05-24 19:43:17,103:DEBUG:discord.client: Dispatching event socket_raw_send
2019-05-24 19:43:17,195:DEBUG:discord.client: Dispatching event socket_raw_receive
2019-05-24 19:43:17,195:DEBUG:discord.gateway: For Shard ID None: WebSocket Event: {'t': None, 's': None, 'op': 11, 'd': None}
2019-05-24 19:43:17,195:DEBUG:discord.client: Dispatching event socket_response
2019-05-24 19:43:58,353:DEBUG:discord.gateway: Keeping websocket alive with sequence 2.
2019-05-24 19:43:58,353:DEBUG:discord.client: Dispatching event socket_raw_send
2019-05-24 19:43:58,477:DEBUG:discord.client: Dispatching event socket_raw_receive
2019-05-24 19:43:58,477:DEBUG:discord.gateway: For Shard ID None: WebSocket Event: {'t': None, 's': None, 'op': 11, 'd': None}
2019-05-24 19:43:58,477:DEBUG:discord.client: Dispatching event socket_response
2019-05-24 19:44:39,604:DEBUG:discord.gateway: Keeping websocket alive with sequence 2.
2019-05-24 19:44:39,604:DEBUG:discord.client: Dispatching event socket_raw_send
2019-05-24 19:44:39,695:DEBUG:discord.client: Dispatching event socket_raw_receive
2019-05-24 19:44:39,695:DEBUG:discord.gateway: For Shard ID None: WebSocket Event: {'t': None, 's': None, 'op': 11, 'd': None}
2019-05-24 19:44:39,695:DEBUG:discord.client: Dispatching event socket_response
2019-05-24 19:45:20,855:DEBUG:discord.gateway: Keeping websocket alive with sequence 2.
2019-05-24 19:45:20,855:DEBUG:discord.client: Dispatching event socket_raw_send
2019-05-24 19:45:20,943:DEBUG:discord.client: Dispatching event socket_raw_receive
2019-05-24 19:45:20,943:DEBUG:discord.gateway: For Shard ID None: WebSocket Event: {'t': None, 's': None, 'op': 11, 'd': None}
2019-05-24 19:45:20,943:DEBUG:discord.client: Dispatching event socket_response
2019-05-24 19:46:02,106:DEBUG:discord.gateway: Keeping websocket alive with sequence 2.
2019-05-24 19:46:02,106:DEBUG:discord.client: Dispatching event socket_raw_send
2019-05-24 19:46:02,218:DEBUG:discord.client: Dispatching event socket_raw_receive
2019-05-24 19:46:02,218:DEBUG:discord.gateway: For Shard ID None: WebSocket Event: {'t': None, 's': None, 'op': 11, 'd': None}
2019-05-24 19:46:02,219:DEBUG:discord.client: Dispatching event socket_response
2019-05-24 19:46:26,118:INFO:discord.client: Cleaning up tasks.
2019-05-24 19:46:26,118:INFO:discord.client: Cleaning up after 4 tasks.
2019-05-24 19:46:36,153:INFO:discord.client: All tasks finished cancelling.
2019-05-24 19:46:36,153:INFO:discord.client: Closing the event loop.
